1534307593.203252 client started (8618): version 2.6, socket /tmp/tmux-1000/default, protocol 8
1534307593.203309 on Linux 4.15.0-30-generic #32-Ubuntu SMP Thu Jul 26 17:42:43 UTC 2018; libevent 2.1.8-stable (poll)
1534307593.203354 socket is /tmp/tmux-1000/default
1534307593.203378 trying connect
1534307593.203410 connect failed: Connection refused
1534307593.203433 lock file is /tmp/tmux-1000/default.lock
1534307593.203512 flock succeeded
1534307593.203529 got lock (6)
1534307593.203553 trying connect
1534307593.203585 connect failed: Connection refused
1534307593.203915 add peer 0x556cee3017a0: 7 ((nil))
1534307593.203993 sending message 100 to peer 0x556cee3017a0 (4 bytes)
1534307593.204000 sending message 101 to peer 0x556cee3017a0 (15 bytes)
1534307593.204004 sending message 102 to peer 0x556cee3017a0 (11 bytes)
1534307593.204008 sending message 108 to peer 0x556cee3017a0 (16 bytes)
1534307593.204012 sending message 104 to peer 0x556cee3017a0 (0 bytes)
1534307593.204016 sending message 107 to peer 0x556cee3017a0 (4 bytes)
1534307593.204020 sending message 105 to peer 0x556cee3017a0 (23 bytes)
1534307593.204023 sending message 105 to peer 0x556cee3017a0 (45 bytes)
1534307593.204027 sending message 105 to peer 0x556cee3017a0 (25 bytes)
1534307593.204030 sending message 105 to peer 0x556cee3017a0 (17 bytes)
1534307593.204034 sending message 105 to peer 0x556cee3017a0 (11 bytes)
1534307593.204039 sending message 105 to peer 0x556cee3017a0 (8 bytes)
1534307593.204042 sending message 105 to peer 0x556cee3017a0 (13 bytes)
1534307593.204045 sending message 105 to peer 0x556cee3017a0 (11 bytes)
1534307593.204049 sending message 105 to peer 0x556cee3017a0 (54 bytes)
1534307593.204052 sending message 105 to peer 0x556cee3017a0 (20 bytes)
1534307593.204055 sending message 105 to peer 0x556cee3017a0 (20 bytes)
1534307593.204059 sending message 105 to peer 0x556cee3017a0 (10 bytes)
1534307593.204062 sending message 105 to peer 0x556cee3017a0 (41 bytes)
1534307593.204065 sending message 105 to peer 0x556cee3017a0 (70 bytes)
1534307593.204076 sending message 105 to peer 0x556cee3017a0 (19 bytes)
1534307593.204079 sending message 105 to peer 0x556cee3017a0 (20 bytes)
1534307593.204083 sending message 105 to peer 0x556cee3017a0 (17 bytes)
1534307593.204086 sending message 105 to peer 0x556cee3017a0 (86 bytes)
1534307593.204089 sending message 105 to peer 0x556cee3017a0 (23 bytes)
1534307593.204093 sending message 105 to peer 0x556cee3017a0 (27 bytes)
1534307593.204096 sending message 105 to peer 0x556cee3017a0 (18 bytes)
1534307593.204101 sending message 105 to peer 0x556cee3017a0 (44 bytes)
1534307593.204104 sending message 105 to peer 0x556cee3017a0 (51 bytes)
1534307593.204108 sending message 105 to peer 0x556cee3017a0 (13 bytes)
1534307593.204111 sending message 105 to peer 0x556cee3017a0 (17 bytes)
1534307593.204114 sending message 105 to peer 0x556cee3017a0 (21 bytes)
1534307593.204118 sending message 105 to peer 0x556cee3017a0 (23 bytes)
1534307593.204121 sending message 105 to peer 0x556cee3017a0 (24 bytes)
1534307593.204124 sending message 105 to peer 0x556cee3017a0 (18 bytes)
1534307593.204127 sending message 105 to peer 0x556cee3017a0 (54 bytes)
1534307593.204131 sending message 105 to peer 0x556cee3017a0 (27 bytes)
1534307593.204134 sending message 105 to peer 0x556cee3017a0 (14 bytes)
1534307593.204137 sending message 105 to peer 0x556cee3017a0 (22 bytes)
1534307593.204141 sending message 105 to peer 0x556cee3017a0 (30 bytes)
1534307593.204144 sending message 105 to peer 0x556cee3017a0 (21 bytes)
1534307593.204147 sending message 105 to peer 0x556cee3017a0 (18 bytes)
1534307593.204152 sending message 105 to peer 0x556cee3017a0 (33 bytes)
1534307593.204156 sending message 105 to peer 0x556cee3017a0 (23 bytes)
1534307593.204160 sending message 105 to peer 0x556cee3017a0 (83 bytes)
1534307593.204163 sending message 105 to peer 0x556cee3017a0 (32 bytes)
1534307593.204166 sending message 105 to peer 0x556cee3017a0 (19 bytes)
1534307593.204169 sending message 105 to peer 0x556cee3017a0 (21 bytes)
1534307593.204173 sending message 105 to peer 0x556cee3017a0 (18 bytes)
1534307593.204182 sending message 105 to peer 0x556cee3017a0 (20 bytes)
1534307593.204186 sending message 105 to peer 0x556cee3017a0 (20 bytes)
1534307593.204189 sending message 105 to peer 0x556cee3017a0 (110 bytes)
1534307593.204192 sending message 105 to peer 0x556cee3017a0 (28 bytes)
1534307593.204196 sending message 105 to peer 0x556cee3017a0 (19 bytes)
1534307593.204199 sending message 105 to peer 0x556cee3017a0 (30 bytes)
1534307593.204202 sending message 105 to peer 0x556cee3017a0 (33 bytes)
1534307593.204206 sending message 105 to peer 0x556cee3017a0 (104 bytes)
1534307593.204211 sending message 105 to peer 0x556cee3017a0 (41 bytes)
1534307593.204214 sending message 105 to peer 0x556cee3017a0 (20 bytes)
1534307593.204218 sending message 105 to peer 0x556cee3017a0 (16 bytes)
1534307593.204221 sending message 105 to peer 0x556cee3017a0 (31 bytes)
1534307593.204224 sending message 105 to peer 0x556cee3017a0 (52 bytes)
1534307593.204228 sending message 105 to peer 0x556cee3017a0 (15 bytes)
1534307593.204231 sending message 105 to peer 0x556cee3017a0 (17 bytes)
1534307593.204234 sending message 105 to peer 0x556cee3017a0 (19 bytes)
1534307593.204238 sending message 105 to peer 0x556cee3017a0 (23 bytes)
1534307593.204241 sending message 105 to peer 0x556cee3017a0 (26 bytes)
1534307593.204244 sending message 105 to peer 0x556cee3017a0 (11 bytes)
1534307593.204248 sending message 105 to peer 0x556cee3017a0 (8 bytes)
1534307593.204251 sending message 105 to peer 0x556cee3017a0 (21 bytes)
1534307593.204254 sending message 105 to peer 0x556cee3017a0 (32 bytes)
1534307593.204267 sending message 105 to peer 0x556cee3017a0 (1516 bytes)
1534307593.204272 sending message 105 to peer 0x556cee3017a0 (16 bytes)
1534307593.204275 sending message 105 to peer 0x556cee3017a0 (16 bytes)
1534307593.204279 sending message 106 to peer 0x556cee3017a0 (0 bytes)
1534307593.204283 sending message 200 to peer 0x556cee3017a0 (4 bytes)
1534307593.204286 client loop enter
1534307593.212468 peer 0x556cee3017a0 message 207
1534307593.212482 sending message 208 to peer 0x556cee3017a0 (0 bytes)
1534307595.211202 peer 0x556cee3017a0 message 203
1534307595.211239 sending message 205 to peer 0x556cee3017a0 (0 bytes)
1534307595.211913 peer 0x556cee3017a0 message 204
1534307595.211946 client loop exit
